<?xml version="1.0" encoding="UTF-8"?>
<testsuite xmlns:xsi="http://www.w3.org/2001/XMLSchema-instance" xsi:noNamespaceSchemaLocation="https://maven.apache.org/surefire/maven-surefire-plugin/xsd/surefire-test-report.xsd" name="TestSuite" time="7.437" tests="4" errors="0" skipped="0" failures="0">
  <properties>
[...]
</properties>
  <testcase name="verifyResponseBody" classname="com.restapi.restassured.tests.TC_001_GET_All_Employees" time="0.243"/>
  <testcase name="verifyStatusCode" classname="com.restapi.restassured.tests.TC_001_GET_All_Employees" time="0.02"/>
  <testcase name="verifyStatusLine" classname="com.restapi.restassured.tests.TC_001_GET_All_Employees" time="0.013"/>
  <testcase name="verifyResponseTime" classname="com.restapi.restassured.tests.TC_001_GET_All_Employees" time="0.014"/>
</testsuite>