<?xml version="1.0" encoding="UTF-8"?>
<!-- Generated by org.testng.reporters.JUnitXMLReporter -->
<testsuite hostname="DESKTOP-HK61P7O" ignored="0" name="RestAssuredApiEmployeeTests" tests="4" failures="0" timestamp="2021-07-17T20:11:04 IST" time="6.445" errors="0">
  <testcase name="verifyResponseBody" time="0.062" classname="com.restapi.restassured.tests.TC_001_GET_All_Employees"/>
  <testcase name="verifyStatusCode" time="0.001" classname="com.restapi.restassured.tests.TC_001_GET_All_Employees"/>
  <testcase name="verifyStatusLine" time="0.002" classname="com.restapi.restassured.tests.TC_001_GET_All_Employees"/>
  <testcase name="verifyResponseTime" time="0.001" classname="com.restapi.restassured.tests.TC_001_GET_All_Employees"/>
</testsuite> <!-- RestAssuredApiEmployeeTests -->
