<?xml version="1.0" encoding="UTF-8"?>
<testng-results skipped="0" failed="0" ignored="0" total="4" passed="4">
  <reporter-output>
  </reporter-output>
  <suite name="RestAssuredApiTest" duration-ms="6445" started-at="2021-07-17T20:10:57 IST" finished-at="2021-07-17T20:11:04 IST">
    <groups>
    </groups>
    <test name="RestAssuredApiEmployeeTests" duration-ms="6445" started-at="2021-07-17T20:10:57 IST" finished-at="2021-07-17T20:11:04 IST">
      <class name="com.restapi.restassured.tests.TC_001_GET_All_Employees">
        <test-method status="PASS" signature="setup()[pri:0, instance:com.restapi.restassured.tests.TC_001_GET_All_Employees@e874448]" name="setup" is-config="true" duration-ms="38" started-at="2021-07-17T20:10:58 IST" finished-at="2021-07-17T20:10:58 IST">
          <reporter-output>
          </reporter-output>
        </test-method> <!-- setup -->
        <test-method status="PASS" signature="getAllEmployees()[pri:0, instance:com.restapi.restassured.tests.TC_001_GET_All_Employees@e874448]" name="getAllEmployees" is-config="true" duration-ms="6002" started-at="2021-07-17T20:10:58 IST" finished-at="2021-07-17T20:11:04 IST">
          <reporter-output>
          </reporter-output>
        </test-method> <!-- getAllEmployees -->
        <test-method status="PASS" signature="verifyResponseBody()[pri:1, instance:com.restapi.restassured.tests.TC_001_GET_All_Employees@e874448]" name="verifyResponseBody" duration-ms="62" started-at="2021-07-17T20:11:04 IST" finished-at="2021-07-17T20:11:04 IST">
          <reporter-output>
          </reporter-output>
        </test-method> <!-- verifyResponseBody -->
        <test-method status="PASS" signature="verifyStatusCode()[pri:2, instance:com.restapi.restassured.tests.TC_001_GET_All_Employees@e874448]" name="verifyStatusCode" duration-ms="1" started-at="2021-07-17T20:11:04 IST" finished-at="2021-07-17T20:11:04 IST">
          <reporter-output>
          </reporter-output>
        </test-method> <!-- verifyStatusCode -->
        <test-method status="PASS" signature="verifyStatusLine()[pri:3, instance:com.restapi.restassured.tests.TC_001_GET_All_Employees@e874448]" name="verifyStatusLine" duration-ms="2" started-at="2021-07-17T20:11:04 IST" finished-at="2021-07-17T20:11:04 IST">
          <reporter-output>
          </reporter-output>
        </test-method> <!-- verifyStatusLine -->
        <test-method status="PASS" signature="verifyResponseTime()[pri:4, instance:com.restapi.restassured.tests.TC_001_GET_All_Employees@e874448]" name="verifyResponseTime" duration-ms="1" started-at="2021-07-17T20:11:04 IST" finished-at="2021-07-17T20:11:04 IST">
          <reporter-output>
          </reporter-output>
        </test-method> <!-- verifyResponseTime -->
      </class> <!-- com.restapi.restassured.tests.TC_001_GET_All_Employees -->
    </test> <!-- RestAssuredApiEmployeeTests -->
  </suite> <!-- RestAssuredApiTest -->
</testng-results>
